Performing C SOURCE FILE Test CMAKE_HAVE_LIBC_PTHREAD failed with the following output:
Change Dir: /home/robin@skaia.net/git/famitracker-qt/cmake-build-debug/CMakeFiles/CMakeTmp

Run Build Command(s):/usr/bin/gmake cmTC_36efd/fast && /usr/bin/gmake -f CMakeFiles/cmTC_36efd.dir/build.make CMakeFiles/cmTC_36efd.dir/build
gmake[1]: Entering directory '/home/robin@skaia.net/git/famitracker-qt/cmake-build-debug/CMakeFiles/CMakeTmp'
Building C object CMakeFiles/cmTC_36efd.dir/src.c.o
/usr/bin/cc   -DCMAKE_HAVE_LIBC_PTHREAD   -o CMakeFiles/cmTC_36efd.dir/src.c.o   -c /home/robin@skaia.net/git/famitracker-qt/cmake-build-debug/CMakeFiles/CMakeTmp/src.c
Linking C executable cmTC_36efd
/usr/bin/cmake -E cmake_link_script CMakeFiles/cmTC_36efd.dir/link.txt --verbose=1
/usr/bin/cc  -DCMAKE_HAVE_LIBC_PTHREAD    CMakeFiles/cmTC_36efd.dir/src.c.o  -o cmTC_36efd 
/usr/bin/ld: CMakeFiles/cmTC_36efd.dir/src.c.o: in function `main':
src.c:(.text+0x2d): undefined reference to `pthread_create'
/usr/bin/ld: src.c:(.text+0x39): undefined reference to `pthread_detach'
/usr/bin/ld: src.c:(.text+0x4a): undefined reference to `pthread_join'
collect2: error: ld returned 1 exit status
gmake[1]: *** [CMakeFiles/cmTC_36efd.dir/build.make:87: cmTC_36efd] Error 1
gmake[1]: Leaving directory '/home/robin@skaia.net/git/famitracker-qt/cmake-build-debug/CMakeFiles/CMakeTmp'
gmake: *** [Makefile:121: cmTC_36efd/fast] Error 2


Source file was:
#include <pthread.h>

void* test_func(void* data)
{
  return data;
}

int main(void)
{
  pthread_t thread;
  pthread_create(&thread, NULL, test_func, NULL);
  pthread_detach(thread);
  pthread_join(thread, NULL);
  pthread_atfork(NULL, NULL, NULL);
  pthread_exit(NULL);

  return 0;
}

Determining if the function pthread_create exists in the pthreads failed with the following output:
Change Dir: /home/robin@skaia.net/git/famitracker-qt/cmake-build-debug/CMakeFiles/CMakeTmp

Run Build Command(s):/usr/bin/gmake cmTC_3622b/fast && /usr/bin/gmake -f CMakeFiles/cmTC_3622b.dir/build.make CMakeFiles/cmTC_3622b.dir/build
gmake[1]: Entering directory '/home/robin@skaia.net/git/famitracker-qt/cmake-build-debug/CMakeFiles/CMakeTmp'
Building C object CMakeFiles/cmTC_3622b.dir/CheckFunctionExists.c.o
/usr/bin/cc   -DCHECK_FUNCTION_EXISTS=pthread_create   -o CMakeFiles/cmTC_3622b.dir/CheckFunctionExists.c.o   -c /usr/share/cmake/Modules/CheckFunctionExists.c
Linking C executable cmTC_3622b
/usr/bin/cmake -E cmake_link_script CMakeFiles/cmTC_3622b.dir/link.txt --verbose=1
/usr/bin/cc  -DCHECK_FUNCTION_EXISTS=pthread_create    CMakeFiles/cmTC_3622b.dir/CheckFunctionExists.c.o  -o cmTC_3622b  -lpthreads 
/usr/bin/ld: cannot find -lpthreads
collect2: error: ld returned 1 exit status
gmake[1]: *** [CMakeFiles/cmTC_3622b.dir/build.make:87: cmTC_3622b] Error 1
gmake[1]: Leaving directory '/home/robin@skaia.net/git/famitracker-qt/cmake-build-debug/CMakeFiles/CMakeTmp'
gmake: *** [Makefile:121: cmTC_3622b/fast] Error 2



